<?xml version="1.0" encoding="UTF-8"?>
<!-- Generated by org.testng.reporters.JUnitXMLReporter -->
<testsuite ignored="0" hostname="DESKTOP-1H79L4T" failures="0" tests="3" name="AFF Open" time="61.635" errors="0" timestamp="2023-07-25T13:44:25 IST">
  <testcase classname="Demo.AmazonTest" name="amazonOpen" time="27.039"/>
  <testcase classname="Demo.FlipkartTest" name="flipkartOpen" time="21.142"/>
  <testcase classname="Demo.FacebookTest" name="facebookOpen" time="13.267"/>
</testsuite> <!-- AFF Open -->
