<?xml version="1.0" encoding="UTF-8"?>
<!-- Generated by org.testng.reporters.JUnitXMLReporter -->
<testsuite ignored="0" hostname="DESKTOP-1H79L4T" failures="0" tests="3" name="Velocity" time="53.793" errors="0" timestamp="2023-07-25T14:02:32 IST">
  <testcase classname="Demo.AmazonTest" name="amazonOpen" time="24.22"/>
  <testcase classname="Demo.FlipkartTest" name="flipkartOpen" time="15.934"/>
  <testcase classname="Demo.FacebookTest" name="facebookOpen" time="13.416"/>
</testsuite> <!-- Velocity -->
