<?xml version="1.0" encoding="UTF-8"?>
<testng-results ignored="0" total="3" passed="3" failed="0" skipped="0">
  <reporter-output>
  </reporter-output>
  <suite started-at="2023-07-25T14:01:39 IST" name="Suite" finished-at="2023-07-25T14:02:32 IST" duration-ms="53793">
    <groups>
    </groups>
    <test started-at="2023-07-25T14:01:39 IST" name="Velocity" finished-at="2023-07-25T14:02:32 IST" duration-ms="53793">
      <class name="Demo.AmazonTest">
        <test-method signature="amazonOpen()[pri:0, instance:Demo.AmazonTest@223191a6]" started-at="2023-07-25T14:01:39 IST" name="amazonOpen" finished-at="2023-07-25T14:02:03 IST" duration-ms="24220" status="PASS">
          <reporter-output>
          </reporter-output>
        </test-method> <!-- amazonOpen -->
      </class> <!-- Demo.AmazonTest -->
      <class name="Demo.FacebookTest">
        <test-method signature="facebookOpen()[pri:0, instance:Demo.FacebookTest@2f9f7dcf]" started-at="2023-07-25T14:02:19 IST" name="facebookOpen" finished-at="2023-07-25T14:02:32 IST" duration-ms="13416" status="PASS">
          <reporter-output>
          </reporter-output>
        </test-method> <!-- facebookOpen -->
      </class> <!-- Demo.FacebookTest -->
      <class name="Demo.FlipkartTest">
        <test-method signature="flipkartOpen()[pri:0, instance:Demo.FlipkartTest@5b8dfcc1]" started-at="2023-07-25T14:02:03 IST" name="flipkartOpen" finished-at="2023-07-25T14:02:19 IST" duration-ms="15934" status="PASS">
          <reporter-output>
          </reporter-output>
        </test-method> <!-- flipkartOpen -->
      </class> <!-- Demo.FlipkartTest -->
    </test> <!-- Velocity -->
  </suite> <!-- Suite -->
</testng-results>
